<?xml version="1.0" encoding="UTF-8"?>
<!-- Generated by org.testng.reporters.JUnitXMLReporter -->
<testsuite ignored="0" hostname="EC2AMAZ-S11DBRH" failures="1" tests="4" name="Test" time="36.243" errors="0" timestamp="2024-03-22T04:11:10 GMT">
  <testcase classname="io.cucumber.testng.AbstractTestNGCucumberTests" name="runScenario" time="10.478">
    <skipped/>
  </testcase> <!-- runScenario -->
  <testcase classname="io.cucumber.testng.AbstractTestNGCucumberTests" name="runScenario" time="2.126">
    <skipped/>
  </testcase> <!-- runScenario -->
  <testcase classname="io.cucumber.testng.AbstractTestNGCucumberTests" name="runScenario" time="2.111">
    <skipped/>
  </testcase> <!-- runScenario -->
  <testcase classname="io.cucumber.testng.AbstractTestNGCucumberTests" name="runScenario" time="2.121">
    <failure type="java.lang.AssertionError" message="expected [Swag Labs1] but found [Swag Labs]">
      <![CDATA[java.lang.AssertionError: expected [Swag Labs1] but found [Swag Labs]
at stepDefs.Login.i_should_be_redirected_to_the_dashboard(Login.java:42)
at âœ½.I should be redirected to the dashboard(file:///C:/Users/Administrator/git/SeleniumLearning/SeleniumLocal/src/test/resources/features/Login.feature:10)
... Removed 6 stack frames]]>
    </failure>
  </testcase> <!-- runScenario -->
</testsuite> <!-- Test -->
