<?xml version="1.0" encoding="UTF-8"?>
<!-- Generated by org.testng.reporters.JUnitReportReporter -->
<testsuite hostname="EC2AMAZ-S11DBRH" failures="1" tests="4" name="Runners.UserAuthTest" time="16.836" errors="0" timestamp="2024-03-22T04:11:10 GMT" skipped="3">
  <testcase classname="Runners.UserAuthTest" name="runScenario" time="10.478">
    <skipped/>
  </testcase> <!-- runScenario -->
  <system-out/>
  <testcase classname="Runners.UserAuthTest" name="runScenario" time="2.121">
    <failure message="expected [Swag Labs1] but found [Swag Labs]" type="java.lang.AssertionError">
      <![CDATA[java.lang.AssertionError: expected [Swag Labs1] but found [Swag Labs]
at org.testng.Assert.fail(Assert.java:99)
at org.testng.Assert.failNotEquals(Assert.java:1037)
at org.testng.Assert.assertEqualsImpl(Assert.java:140)
at org.testng.Assert.assertEquals(Assert.java:122)
at org.testng.Assert.assertEquals(Assert.java:629)
at org.testng.Assert.assertEquals(Assert.java:639)
at stepDefs.Login.i_should_be_redirected_to_the_dashboard(Login.java:42)
at âœ½.I should be redirected to the dashboard(file:///C:/Users/Administrator/git/SeleniumLearning/SeleniumLocal/src/test/resources/features/Login.feature:10)
]]>
    </failure>
  </testcase> <!-- runScenario -->
  <system-out/>
  <testcase classname="Runners.UserAuthTest" name="runScenario" time="2.111">
    <skipped/>
  </testcase> <!-- runScenario -->
  <system-out/>
  <testcase classname="Runners.UserAuthTest" name="runScenario" time="2.126">
    <skipped/>
  </testcase> <!-- runScenario -->
  <system-out/>
</testsuite> <!-- Runners.UserAuthTest -->
